{"name": "Searching for a round-trip flight should enable return date selection", "status": "broken", "statusDetails": {"message": "selenium.common.exceptions.NoSuchWindowException: Message: no such window: target window already closed\nfrom unknown error: web view not found\n  (Session info: chrome=134.0.6998.166)\nStacktrace:\n0   chromedriver                        0x000000010caff568 chromedriver + 6088040\n1   chromedriver                        0x000000010caf717a chromedriver + 6054266\n2   chromedriver                        0x000000010c596540 chromedriver + 415040\n3   chromedriver                        0x000000010c56a605 chromedriver + 235013\n4   chromedriver                        0x000000010c6169ae chromedriver + 940462\n5   chromedriver                        0x000000010c6353ac chromedriver + 1065900\n6   chromedriver                        0x000000010c60e1c3 chromedriver + 905667\n7   chromedriver                        0x000000010c5da05a chromedriver + 692314\n8   chromedriver                        0x000000010c5db1b1 chromedriver + 696753\n9   chromedriver                        0x000000010cabec90 chromedriver + 5823632\n10  chromedriver                        0x000000010cac2b44 chromedriver + 5839684\n11  chromedriver                        0x000000010ca99e86 chromedriver + 5672582\n12  chromedriver                        0x000000010cac353b chromedriver + 5842235\n13  chromedriver                        0x000000010ca88824 chromedriver + 5601316\n14  chromedriver                        0x000000010cae5618 chromedriver + 5981720\n15  chromedriver                        0x000000010cae57df chromedriver + 5982175\n16  chromedriver                        0x000000010caf6d58 chromedriver + 6053208\n17  libsystem_pthread.dylib             0x00007ff801a5d253 _pthread_start + 99\n18  libsystem_pthread.dylib             0x00007ff801a58bef thread_start + 15\n\n", "trace": "  File \"/Users/macbook/Documents/Projects/pyBook/venv/lib/python3.13/site-packages/behave/model.py\", line 1329, in run\n    match.run(runner.context)\n    ~~~~~~~~~^^^^^^^^^^^^^^^^\n  File \"/Users/macbook/Documents/Projects/pyBook/venv/lib/python3.13/site-packages/behave/matchers.py\", line 98, in run\n    self.func(context, *args, **kwargs)\n    ~~~~~~~~~^^^^^^^^^^^^^^^^^^^^^^^^^^\n  File \"features/steps/vuelos_steps.py\", line 10, in step_impl\n    context.page.select_round_trip()\n    ~~~~~~~~~~~~~~~~~~~~~~~~~~~~~~^^\n  File \"/Users/macbook/Documents/Projects/pyBook/pages/vuelos_page.py\", line 22, in select_round_trip\n    self.driver.find_element(By.XPATH, \"//*[contains(text(), 'Round-trip')]\")\n    ~~~~~~~~~~~~~~~~~~~~~~~~^^^^^^^^^^^^^^^^^^^^^^^^^^^^^^^^^^^^^^^^^^^^^^^^^\n  File \"/Users/macbook/Documents/Projects/pyBook/venv/lib/python3.13/site-packages/selenium/webdriver/remote/webdriver.py\", line 741, in find_element\n    return self.execute(Command.FIND_ELEMENT, {\"using\": by, \"value\": value})[\"value\"]\n           ~~~~~~~~~~~~^^^^^^^^^^^^^^^^^^^^^^^^^^^^^^^^^^^^^^^^^^^^^^^^^^^^^\n  File \"/Users/macbook/Documents/Projects/pyBook/venv/lib/python3.13/site-packages/selenium/webdriver/remote/webdriver.py\", line 347, in execute\n    self.error_handler.check_response(response)\n    ~~~~~~~~~~~~~~~~~~~~~~~~~~~~~~~~~^^^^^^^^^^\n  File \"/Users/macbook/Documents/Projects/pyBook/venv/lib/python3.13/site-packages/selenium/webdriver/remote/errorhandler.py\", line 229, in check_response\n    raise exception_class(message, screen, stacktrace)\n"}, "steps": [{"name": "Given I am on the flights search page", "status": "passed", "start": 1743189325720, "stop": 1743189336652}, {"name": "When I select \"Round-trip\" as the trip type", "status": "broken", "statusDetails": {"message": "selenium.common.exceptions.NoSuchWindowException: Message: no such window: target window already closed\nfrom unknown error: web view not found\n  (Session info: chrome=134.0.6998.166)\nStacktrace:\n0   chromedriver                        0x000000010caff568 chromedriver + 6088040\n1   chromedriver                        0x000000010caf717a chromedriver + 6054266\n2   chromedriver                        0x000000010c596540 chromedriver + 415040\n3   chromedriver                        0x000000010c56a605 chromedriver + 235013\n4   chromedriver                        0x000000010c6169ae chromedriver + 940462\n5   chromedriver                        0x000000010c6353ac chromedriver + 1065900\n6   chromedriver                        0x000000010c60e1c3 chromedriver + 905667\n7   chromedriver                        0x000000010c5da05a chromedriver + 692314\n8   chromedriver                        0x000000010c5db1b1 chromedriver + 696753\n9   chromedriver                        0x000000010cabec90 chromedriver + 5823632\n10  chromedriver                        0x000000010cac2b44 chromedriver + 5839684\n11  chromedriver                        0x000000010ca99e86 chromedriver + 5672582\n12  chromedriver                        0x000000010cac353b chromedriver + 5842235\n13  chromedriver                        0x000000010ca88824 chromedriver + 5601316\n14  chromedriver                        0x000000010cae5618 chromedriver + 5981720\n15  chromedriver                        0x000000010cae57df chromedriver + 5982175\n16  chromedriver                        0x000000010caf6d58 chromedriver + 6053208\n17  libsystem_pthread.dylib             0x00007ff801a5d253 _pthread_start + 99\n18  libsystem_pthread.dylib             0x00007ff801a58bef thread_start + 15\n\n", "trace": "  File \"/Users/macbook/Documents/Projects/pyBook/venv/lib/python3.13/site-packages/behave/model.py\", line 1329, in run\n    match.run(runner.context)\n    ~~~~~~~~~^^^^^^^^^^^^^^^^\n  File \"/Users/macbook/Documents/Projects/pyBook/venv/lib/python3.13/site-packages/behave/matchers.py\", line 98, in run\n    self.func(context, *args, **kwargs)\n    ~~~~~~~~~^^^^^^^^^^^^^^^^^^^^^^^^^^\n  File \"features/steps/vuelos_steps.py\", line 10, in step_impl\n    context.page.select_round_trip()\n    ~~~~~~~~~~~~~~~~~~~~~~~~~~~~~~^^\n  File \"/Users/macbook/Documents/Projects/pyBook/pages/vuelos_page.py\", line 22, in select_round_trip\n    self.driver.find_element(By.XPATH, \"//*[contains(text(), 'Round-trip')]\")\n    ~~~~~~~~~~~~~~~~~~~~~~~~^^^^^^^^^^^^^^^^^^^^^^^^^^^^^^^^^^^^^^^^^^^^^^^^^\n  File \"/Users/macbook/Documents/Projects/pyBook/venv/lib/python3.13/site-packages/selenium/webdriver/remote/webdriver.py\", line 741, in find_element\n    return self.execute(Command.FIND_ELEMENT, {\"using\": by, \"value\": value})[\"value\"]\n           ~~~~~~~~~~~~^^^^^^^^^^^^^^^^^^^^^^^^^^^^^^^^^^^^^^^^^^^^^^^^^^^^^\n  File \"/Users/macbook/Documents/Projects/pyBook/venv/lib/python3.13/site-packages/selenium/webdriver/remote/webdriver.py\", line 347, in execute\n    self.error_handler.check_response(response)\n    ~~~~~~~~~~~~~~~~~~~~~~~~~~~~~~~~~^^^^^^^^^^\n  File \"/Users/macbook/Documents/Projects/pyBook/venv/lib/python3.13/site-packages/selenium/webdriver/remote/errorhandler.py\", line 229, in check_response\n    raise exception_class(message, screen, stacktrace)\n"}, "start": 1743189336653, "stop": 1743189336664}, {"name": "Then I should see the return date field enabled", "status": "skipped", "start": 1743189336666, "stop": 1743189336666}], "start": 1743189325719, "stop": 1743189336666, "uuid": "4cc754bf-f2d7-4771-976f-0de4dc6b13aa", "historyId": "32f79352f534585f9b4733aa5ab46321", "fullName": "Search and book a flight.: Searching for a round-trip flight should enable return date selection", "labels": [{"name": "severity", "value": "normal"}, {"name": "feature", "value": "Search and book a flight."}, {"name": "framework", "value": "behave"}, {"name": "language", "value": "cpython3"}]}