{"uid":"4eff1d178f95f650","name":"Searching for a round-trip flight should enable return date selection","fullName":"Search and book a flight.: Searching for a round-trip flight should enable return date selection","historyId":"32f79352f534585f9b4733aa5ab46321","time":{"start":1743186626991,"stop":1743186639397,"duration":12406},"status":"broken","statusMessage":"selenium.common.exceptions.ElementClickInterceptedException: Message: element click intercepted: Element <a id=\"flights\" tabindex=\"0\" href=\"https://booking.com/pxgo?aid=304142&amp;label=gen173nr-1FCAEoggI46AdIM1gEaB6IAQGYATG4AQfIAQzYAQHoAQH4AQKIAgGoAgO4AsnVm78GwAIB0gIkZmI3ZWZjZjYtNzlkOS00MTM3LTkwOGItOTk1NDRkOWRmNjVj2AIF4AIB&amp;lang=en-us&amp;token=UmFuZG9tSVYkc2RlIyh9YWDUtbaQciWiGSaepgbtV2imPwIFgu74hb40nXmIpzl9cZ1CdHVVRef4NxLH0qedrtD2cQMReiWXWrIz7k63tc3uI1mO8Rga2ohnrgUXiXhq6U-5FXk38nqVbGS7G-md8i6fqz7bNE9iOXTKmHr07fHiXkk-RiHa8sWPfjzGA5QkO59kSHYJwobThoVmOGfvQylX0hwV5ATikWDA9tQljx7MN6R-dvCep3wilzFUViKmBmvvfQq8ymZPqLx1rIziwwoahYZEcB2QBiSilqXZl86ijPghEu_tiA9btkR7eVkxW3EI5-S4A47SKVs4-V_wlkbFxoqZSNTuvPzCzWPPs1eRhwbGb41warW116GB5qCo0eko1lpDedO663NGCS6P54cge0_3dNGUdPvOcpm4IQVzyPz-eAj89Y28bf8bDhWL3cRcfm4nnkX-Rq1zjBdAOWDNScq-TnXxZFPcvmKbbIB-Op0qYxoYj1hPNN7mJATZ&amp;url=https%3A%2F%2Fbooking.kayak.com%2Fin%3Fsid%3D3e8e395f0422dafea06164cefb23f06e%26mc%3DBOB%26bdclc%3Den-us%26p%3Dsearchbox_link%26a%3Dbdc%252Fsearchbox\" class=\"a83ed08757 f3441ccb97 ec66406250\">...</a> is not clickable at point (488, 90). Other element would receive the click: <div class=\"eb33ef7c47\">...</div>\n  (Session info: chrome=134.0.6998.166)\nStacktrace:\n0   chromedriver                        0x00000001089a6568 chromedriver + 6088040\n1   chromedriver                        0x000000010899e17a chromedriver + 6054266\n2   chromedriver                        0x000000010843d540 chromedriver + 415040\n3   chromedriver                        0x0000000108495f40 chromedriver + 778048\n4   chromedriver                        0x0000000108493da1 chromedriver + 769441\n5   chromedriver                        0x0000000108491432 chromedriver + 758834\n6   chromedriver                        0x0000000108490611 chromedriver + 755217\n7   chromedriver                        0x00000001084831ad chromedriver + 700845\n8   chromedriver                        0x00000001084b53f2 chromedriver + 906226\n9   chromedriver                        0x0000000108482b28 chromedriver + 699176\n10  chromedriver                        0x00000001084b55ae chromedriver + 906670\n11  chromedriver                        0x00000001084dca19 chromedriver + 1067545\n12  chromedriver                        0x00000001084b51c3 chromedriver + 905667\n13  chromedriver                        0x000000010848105a chromedriver + 692314\n14  chromedriver                        0x00000001084821b1 chromedriver + 696753\n15  chromedriver                        0x0000000108965c90 chromedriver + 5823632\n16  chromedriver                        0x0000000108969b44 chromedriver + 5839684\n17  chromedriver                        0x0000000108940e86 chromedriver + 5672582\n18  chromedriver                        0x000000010896a53b chromedriver + 5842235\n19  chromedriver                        0x000000010892f824 chromedriver + 5601316\n20  chromedriver                        0x000000010898c618 chromedriver + 5981720\n21  chromedriver                        0x000000010898c7df chromedriver + 5982175\n22  chromedriver                        0x000000010899dd58 chromedriver + 6053208\n23  libsystem_pthread.dylib             0x00007ff801a5d253 _pthread_start + 99\n24  libsystem_pthread.dylib             0x00007ff801a58bef thread_start + 15\n\n","statusTrace":"  File \"/Users/macbook/Documents/Projects/pyBook/venv/lib/python3.13/site-packages/behave/model.py\", line 1329, in run\n    match.run(runner.context)\n    ~~~~~~~~~^^^^^^^^^^^^^^^^\n  File \"/Users/macbook/Documents/Projects/pyBook/venv/lib/python3.13/site-packages/behave/matchers.py\", line 98, in run\n    self.func(context, *args, **kwargs)\n    ~~~~~~~~~^^^^^^^^^^^^^^^^^^^^^^^^^^\n  File \"features/steps/vuelos_steps.py\", line 6, in step_impl\n    context.page = FlightsPage(context.driver)\n                   ~~~~~~~~~~~^^^^^^^^^^^^^^^^\n  File \"/Users/macbook/Documents/Projects/pyBook/pages/vuelos_page.py\", line 15, in __init__\n    flights_tab.click()\n    ~~~~~~~~~~~~~~~~~^^\n  File \"/Users/macbook/Documents/Projects/pyBook/venv/lib/python3.13/site-packages/selenium/webdriver/remote/webelement.py\", line 94, in click\n    self._execute(Command.CLICK_ELEMENT)\n    ~~~~~~~~~~~~~^^^^^^^^^^^^^^^^^^^^^^^\n  File \"/Users/macbook/Documents/Projects/pyBook/venv/lib/python3.13/site-packages/selenium/webdriver/remote/webelement.py\", line 395, in _execute\n    return self._parent.execute(command, params)\n           ~~~~~~~~~~~~~~~~~~~~^^^^^^^^^^^^^^^^^\n  File \"/Users/macbook/Documents/Projects/pyBook/venv/lib/python3.13/site-packages/selenium/webdriver/remote/webdriver.py\", line 347, in execute\n    self.error_handler.check_response(response)\n    ~~~~~~~~~~~~~~~~~~~~~~~~~~~~~~~~~^^^^^^^^^^\n  File \"/Users/macbook/Documents/Projects/pyBook/venv/lib/python3.13/site-packages/selenium/webdriver/remote/errorhandler.py\", line 229, in check_response\n    raise exception_class(message, screen, stacktrace)\n","flaky":false,"newFailed":false,"newBroken":false,"newPassed":false,"retriesCount":0,"retriesStatusChange":false,"beforeStages":[],"testStage":{"status":"broken","statusMessage":"selenium.common.exceptions.ElementClickInterceptedException: Message: element click intercepted: Element <a id=\"flights\" tabindex=\"0\" href=\"https://booking.com/pxgo?aid=304142&amp;label=gen173nr-1FCAEoggI46AdIM1gEaB6IAQGYATG4AQfIAQzYAQHoAQH4AQKIAgGoAgO4AsnVm78GwAIB0gIkZmI3ZWZjZjYtNzlkOS00MTM3LTkwOGItOTk1NDRkOWRmNjVj2AIF4AIB&amp;lang=en-us&amp;token=UmFuZG9tSVYkc2RlIyh9YWDUtbaQciWiGSaepgbtV2imPwIFgu74hb40nXmIpzl9cZ1CdHVVRef4NxLH0qedrtD2cQMReiWXWrIz7k63tc3uI1mO8Rga2ohnrgUXiXhq6U-5FXk38nqVbGS7G-md8i6fqz7bNE9iOXTKmHr07fHiXkk-RiHa8sWPfjzGA5QkO59kSHYJwobThoVmOGfvQylX0hwV5ATikWDA9tQljx7MN6R-dvCep3wilzFUViKmBmvvfQq8ymZPqLx1rIziwwoahYZEcB2QBiSilqXZl86ijPghEu_tiA9btkR7eVkxW3EI5-S4A47SKVs4-V_wlkbFxoqZSNTuvPzCzWPPs1eRhwbGb41warW116GB5qCo0eko1lpDedO663NGCS6P54cge0_3dNGUdPvOcpm4IQVzyPz-eAj89Y28bf8bDhWL3cRcfm4nnkX-Rq1zjBdAOWDNScq-TnXxZFPcvmKbbIB-Op0qYxoYj1hPNN7mJATZ&amp;url=https%3A%2F%2Fbooking.kayak.com%2Fin%3Fsid%3D3e8e395f0422dafea06164cefb23f06e%26mc%3DBOB%26bdclc%3Den-us%26p%3Dsearchbox_link%26a%3Dbdc%252Fsearchbox\" class=\"a83ed08757 f3441ccb97 ec66406250\">...</a> is not clickable at point (488, 90). Other element would receive the click: <div class=\"eb33ef7c47\">...</div>\n  (Session info: chrome=134.0.6998.166)\nStacktrace:\n0   chromedriver                        0x00000001089a6568 chromedriver + 6088040\n1   chromedriver                        0x000000010899e17a chromedriver + 6054266\n2   chromedriver                        0x000000010843d540 chromedriver + 415040\n3   chromedriver                        0x0000000108495f40 chromedriver + 778048\n4   chromedriver                        0x0000000108493da1 chromedriver + 769441\n5   chromedriver                        0x0000000108491432 chromedriver + 758834\n6   chromedriver                        0x0000000108490611 chromedriver + 755217\n7   chromedriver                        0x00000001084831ad chromedriver + 700845\n8   chromedriver                        0x00000001084b53f2 chromedriver + 906226\n9   chromedriver                        0x0000000108482b28 chromedriver + 699176\n10  chromedriver                        0x00000001084b55ae chromedriver + 906670\n11  chromedriver                        0x00000001084dca19 chromedriver + 1067545\n12  chromedriver                        0x00000001084b51c3 chromedriver + 905667\n13  chromedriver                        0x000000010848105a chromedriver + 692314\n14  chromedriver                        0x00000001084821b1 chromedriver + 696753\n15  chromedriver                        0x0000000108965c90 chromedriver + 5823632\n16  chromedriver                        0x0000000108969b44 chromedriver + 5839684\n17  chromedriver                        0x0000000108940e86 chromedriver + 5672582\n18  chromedriver                        0x000000010896a53b chromedriver + 5842235\n19  chromedriver                        0x000000010892f824 chromedriver + 5601316\n20  chromedriver                        0x000000010898c618 chromedriver + 5981720\n21  chromedriver                        0x000000010898c7df chromedriver + 5982175\n22  chromedriver                        0x000000010899dd58 chromedriver + 6053208\n23  libsystem_pthread.dylib             0x00007ff801a5d253 _pthread_start + 99\n24  libsystem_pthread.dylib             0x00007ff801a58bef thread_start + 15\n\n","statusTrace":"  File \"/Users/macbook/Documents/Projects/pyBook/venv/lib/python3.13/site-packages/behave/model.py\", line 1329, in run\n    match.run(runner.context)\n    ~~~~~~~~~^^^^^^^^^^^^^^^^\n  File \"/Users/macbook/Documents/Projects/pyBook/venv/lib/python3.13/site-packages/behave/matchers.py\", line 98, in run\n    self.func(context, *args, **kwargs)\n    ~~~~~~~~~^^^^^^^^^^^^^^^^^^^^^^^^^^\n  File \"features/steps/vuelos_steps.py\", line 6, in step_impl\n    context.page = FlightsPage(context.driver)\n                   ~~~~~~~~~~~^^^^^^^^^^^^^^^^\n  File \"/Users/macbook/Documents/Projects/pyBook/pages/vuelos_page.py\", line 15, in __init__\n    flights_tab.click()\n    ~~~~~~~~~~~~~~~~~^^\n  File \"/Users/macbook/Documents/Projects/pyBook/venv/lib/python3.13/site-packages/selenium/webdriver/remote/webelement.py\", line 94, in click\n    self._execute(Command.CLICK_ELEMENT)\n    ~~~~~~~~~~~~~^^^^^^^^^^^^^^^^^^^^^^^\n  File \"/Users/macbook/Documents/Projects/pyBook/venv/lib/python3.13/site-packages/selenium/webdriver/remote/webelement.py\", line 395, in _execute\n    return self._parent.execute(command, params)\n           ~~~~~~~~~~~~~~~~~~~~^^^^^^^^^^^^^^^^^\n  File \"/Users/macbook/Documents/Projects/pyBook/venv/lib/python3.13/site-packages/selenium/webdriver/remote/webdriver.py\", line 347, in execute\n    self.error_handler.check_response(response)\n    ~~~~~~~~~~~~~~~~~~~~~~~~~~~~~~~~~^^^^^^^^^^\n  File \"/Users/macbook/Documents/Projects/pyBook/venv/lib/python3.13/site-packages/selenium/webdriver/remote/errorhandler.py\", line 229, in check_response\n    raise exception_class(message, screen, stacktrace)\n","steps":[{"name":"Given I am on the flights search page","time":{"start":1743186633291,"stop":1743186639179,"duration":5888},"status":"broken","statusMessage":"selenium.common.exceptions.ElementClickInterceptedException: Message: element click intercepted: Element <a id=\"flights\" tabindex=\"0\" href=\"https://booking.com/pxgo?aid=304142&amp;label=gen173nr-1FCAEoggI46AdIM1gEaB6IAQGYATG4AQfIAQzYAQHoAQH4AQKIAgGoAgO4AsnVm78GwAIB0gIkZmI3ZWZjZjYtNzlkOS00MTM3LTkwOGItOTk1NDRkOWRmNjVj2AIF4AIB&amp;lang=en-us&amp;token=UmFuZG9tSVYkc2RlIyh9YWDUtbaQciWiGSaepgbtV2imPwIFgu74hb40nXmIpzl9cZ1CdHVVRef4NxLH0qedrtD2cQMReiWXWrIz7k63tc3uI1mO8Rga2ohnrgUXiXhq6U-5FXk38nqVbGS7G-md8i6fqz7bNE9iOXTKmHr07fHiXkk-RiHa8sWPfjzGA5QkO59kSHYJwobThoVmOGfvQylX0hwV5ATikWDA9tQljx7MN6R-dvCep3wilzFUViKmBmvvfQq8ymZPqLx1rIziwwoahYZEcB2QBiSilqXZl86ijPghEu_tiA9btkR7eVkxW3EI5-S4A47SKVs4-V_wlkbFxoqZSNTuvPzCzWPPs1eRhwbGb41warW116GB5qCo0eko1lpDedO663NGCS6P54cge0_3dNGUdPvOcpm4IQVzyPz-eAj89Y28bf8bDhWL3cRcfm4nnkX-Rq1zjBdAOWDNScq-TnXxZFPcvmKbbIB-Op0qYxoYj1hPNN7mJATZ&amp;url=https%3A%2F%2Fbooking.kayak.com%2Fin%3Fsid%3D3e8e395f0422dafea06164cefb23f06e%26mc%3DBOB%26bdclc%3Den-us%26p%3Dsearchbox_link%26a%3Dbdc%252Fsearchbox\" class=\"a83ed08757 f3441ccb97 ec66406250\">...</a> is not clickable at point (488, 90). Other element would receive the click: <div class=\"eb33ef7c47\">...</div>\n  (Session info: chrome=134.0.6998.166)\nStacktrace:\n0   chromedriver                        0x00000001089a6568 chromedriver + 6088040\n1   chromedriver                        0x000000010899e17a chromedriver + 6054266\n2   chromedriver                        0x000000010843d540 chromedriver + 415040\n3   chromedriver                        0x0000000108495f40 chromedriver + 778048\n4   chromedriver                        0x0000000108493da1 chromedriver + 769441\n5   chromedriver                        0x0000000108491432 chromedriver + 758834\n6   chromedriver                        0x0000000108490611 chromedriver + 755217\n7   chromedriver                        0x00000001084831ad chromedriver + 700845\n8   chromedriver                        0x00000001084b53f2 chromedriver + 906226\n9   chromedriver                        0x0000000108482b28 chromedriver + 699176\n10  chromedriver                        0x00000001084b55ae chromedriver + 906670\n11  chromedriver                        0x00000001084dca19 chromedriver + 1067545\n12  chromedriver                        0x00000001084b51c3 chromedriver + 905667\n13  chromedriver                        0x000000010848105a chromedriver + 692314\n14  chromedriver                        0x00000001084821b1 chromedriver + 696753\n15  chromedriver                        0x0000000108965c90 chromedriver + 5823632\n16  chromedriver                        0x0000000108969b44 chromedriver + 5839684\n17  chromedriver                        0x0000000108940e86 chromedriver + 5672582\n18  chromedriver                        0x000000010896a53b chromedriver + 5842235\n19  chromedriver                        0x000000010892f824 chromedriver + 5601316\n20  chromedriver                        0x000000010898c618 chromedriver + 5981720\n21  chromedriver                        0x000000010898c7df chromedriver + 5982175\n22  chromedriver                        0x000000010899dd58 chromedriver + 6053208\n23  libsystem_pthread.dylib             0x00007ff801a5d253 _pthread_start + 99\n24  libsystem_pthread.dylib             0x00007ff801a58bef thread_start + 15\n\n","statusTrace":"  File \"/Users/macbook/Documents/Projects/pyBook/venv/lib/python3.13/site-packages/behave/model.py\", line 1329, in run\n    match.run(runner.context)\n    ~~~~~~~~~^^^^^^^^^^^^^^^^\n  File \"/Users/macbook/Documents/Projects/pyBook/venv/lib/python3.13/site-packages/behave/matchers.py\", line 98, in run\n    self.func(context, *args, **kwargs)\n    ~~~~~~~~~^^^^^^^^^^^^^^^^^^^^^^^^^^\n  File \"features/steps/vuelos_steps.py\", line 6, in step_impl\n    context.page = FlightsPage(context.driver)\n                   ~~~~~~~~~~~^^^^^^^^^^^^^^^^\n  File \"/Users/macbook/Documents/Projects/pyBook/pages/vuelos_page.py\", line 15, in __init__\n    flights_tab.click()\n    ~~~~~~~~~~~~~~~~~^^\n  File \"/Users/macbook/Documents/Projects/pyBook/venv/lib/python3.13/site-packages/selenium/webdriver/remote/webelement.py\", line 94, in click\n    self._execute(Command.CLICK_ELEMENT)\n    ~~~~~~~~~~~~~^^^^^^^^^^^^^^^^^^^^^^^\n  File \"/Users/macbook/Documents/Projects/pyBook/venv/lib/python3.13/site-packages/selenium/webdriver/remote/webelement.py\", line 395, in _execute\n    return self._parent.execute(command, params)\n           ~~~~~~~~~~~~~~~~~~~~^^^^^^^^^^^^^^^^^\n  File \"/Users/macbook/Documents/Projects/pyBook/venv/lib/python3.13/site-packages/selenium/webdriver/remote/webdriver.py\", line 347, in execute\n    self.error_handler.check_response(response)\n    ~~~~~~~~~~~~~~~~~~~~~~~~~~~~~~~~~^^^^^^^^^^\n  File \"/Users/macbook/Documents/Projects/pyBook/venv/lib/python3.13/site-packages/selenium/webdriver/remote/errorhandler.py\", line 229, in check_response\n    raise exception_class(message, screen, stacktrace)\n","steps":[],"attachments":[],"parameters":[],"shouldDisplayMessage":true,"stepsCount":0,"attachmentsCount":0,"hasContent":true,"attachmentStep":false},{"name":"When I select \"Round-trip\" as the trip type","time":{"start":1743186639397,"stop":1743186639397,"duration":0},"status":"skipped","steps":[],"attachments":[],"parameters":[],"shouldDisplayMessage":false,"stepsCount":0,"attachmentsCount":0,"hasContent":false,"attachmentStep":false},{"name":"Then I should see the return date field enabled","time":{"start":1743186639397,"stop":1743186639397,"duration":0},"status":"skipped","steps":[],"attachments":[],"parameters":[],"shouldDisplayMessage":false,"stepsCount":0,"attachmentsCount":0,"hasContent":false,"attachmentStep":false}],"attachments":[],"parameters":[],"shouldDisplayMessage":false,"stepsCount":3,"attachmentsCount":0,"hasContent":true,"attachmentStep":false},"afterStages":[],"labels":[{"name":"severity","value":"normal"},{"name":"feature","value":"Search and book a flight."},{"name":"framework","value":"behave"},{"name":"language","value":"cpython3"},{"name":"resultFormat","value":"allure2"}],"parameters":[],"links":[],"hidden":false,"retry":false,"extra":{"severity":"normal","retries":[],"categories":[{"name":"Test defects","matchedStatuses":[]}],"tags":[]},"source":"4eff1d178f95f650.json","parameterValues":[]}