{"uid":"5bfea4492a03b4de","name":"Proceeding to checkout should display a booking summary","fullName":"Search and book a flight.: Proceeding to checkout should display a booking summary","historyId":"404103bdd3af146baa3f2aaebaa3a8ac","time":{"start":1743186711584,"stop":1743186722392,"duration":10808},"status":"broken","statusMessage":"selenium.common.exceptions.ElementClickInterceptedException: Message: element click intercepted: Element <a id=\"flights\" tabindex=\"0\" href=\"https://booking.com/pxgo?token=UmFuZG9tSVYkc2RlIyh9YWDUtbaQciWiGSaepgbtV2h_ATS-cLrFcEtTh5DW4YFhnDwfmKCCRVGNyG15fFrSJChBuDESq7THQFu5PAHuOo8KqS3J2vyZuqdTOk8T3lDLXXYBBS57zJ8XeJdJUqfGTldsMjK7xeG1W1Ayg0cYMTZzFYoj8JboMkrKSKiy8ydydyHpyfBHyxTY9m6M48DxUl8pDjWNJ5AwbTlhlG_JVZt6sdf5SKXR3s_-jzYOR2oQPf6qYEDyN2SDZ_Jp_utuSgmYQbK5AzI95K5DGRG2uquBH6Y00yrOAM4H-kFpm96aAF_7p5ysvZmDPA2E3gYu07bSQ6TSgxB1-OKOi_9srbX5xZto3leATN9D6EAgMq0B_NftfQUgdsZLGd8hbxFkoJ6wXLpf7OEMbvWhLiwAu-dlnRfmHUlctYJSrAnxQHar1_FU1KLnV9-uDYwkCkPOHOMZGkmlGEp3uojkUK-bEkk6i1Hg9WHFl0CTK0IwzjOD&amp;lang=en-us&amp;label=gen173nr-1FCAEoggI46AdIM1gEaB6IAQGYATG4AQfIAQzYAQHoAQH4AQKIAgGoAgO4Ap3Wm78GwAIB0gIkMTk1ODM4YzAtNmIxNC00Njc2LWI5YzgtNmM0OGRiN2ZjN2I02AIF4AIB&amp;aid=304142&amp;url=https%3A%2F%2Fbooking.kayak.com%2Fin%3Fsid%3D39ad1f29b503b33787a4a5c454bffda1%26mc%3DBOB%26bdclc%3Den-us%26p%3Dsearchbox_link%26a%3Dbdc%252Fsearchbox\" class=\"a83ed08757 f3441ccb97 ec66406250\">...</a> is not clickable at point (488, 90). Other element would receive the click: <div class=\"eb33ef7c47\">...</div>\n  (Session info: chrome=134.0.6998.166)\nStacktrace:\n0   chromedriver                        0x000000010d184568 chromedriver + 6088040\n1   chromedriver                        0x000000010d17c17a chromedriver + 6054266\n2   chromedriver                        0x000000010cc1b540 chromedriver + 415040\n3   chromedriver                        0x000000010cc73f40 chromedriver + 778048\n4   chromedriver                        0x000000010cc71da1 chromedriver + 769441\n5   chromedriver                        0x000000010cc6f432 chromedriver + 758834\n6   chromedriver                        0x000000010cc6e611 chromedriver + 755217\n7   chromedriver                        0x000000010cc611ad chromedriver + 700845\n8   chromedriver                        0x000000010cc933f2 chromedriver + 906226\n9   chromedriver                        0x000000010cc60b28 chromedriver + 699176\n10  chromedriver                        0x000000010cc935ae chromedriver + 906670\n11  chromedriver                        0x000000010ccbaa19 chromedriver + 1067545\n12  chromedriver                        0x000000010cc931c3 chromedriver + 905667\n13  chromedriver                        0x000000010cc5f05a chromedriver + 692314\n14  chromedriver                        0x000000010cc601b1 chromedriver + 696753\n15  chromedriver                        0x000000010d143c90 chromedriver + 5823632\n16  chromedriver                        0x000000010d147b44 chromedriver + 5839684\n17  chromedriver                        0x000000010d11ee86 chromedriver + 5672582\n18  chromedriver                        0x000000010d14853b chromedriver + 5842235\n19  chromedriver                        0x000000010d10d824 chromedriver + 5601316\n20  chromedriver                        0x000000010d16a618 chromedriver + 5981720\n21  chromedriver                        0x000000010d16a7df chromedriver + 5982175\n22  chromedriver                        0x000000010d17bd58 chromedriver + 6053208\n23  libsystem_pthread.dylib             0x00007ff801a5d253 _pthread_start + 99\n24  libsystem_pthread.dylib             0x00007ff801a58bef thread_start + 15\n\n","statusTrace":"  File \"/Users/macbook/Documents/Projects/pyBook/venv/lib/python3.13/site-packages/behave/model.py\", line 1329, in run\n    match.run(runner.context)\n    ~~~~~~~~~^^^^^^^^^^^^^^^^\n  File \"/Users/macbook/Documents/Projects/pyBook/venv/lib/python3.13/site-packages/behave/matchers.py\", line 98, in run\n    self.func(context, *args, **kwargs)\n    ~~~~~~~~~^^^^^^^^^^^^^^^^^^^^^^^^^^\n  File \"features/steps/vuelos_steps.py\", line 65, in step_impl\n    context.page = FlightsPage(context.driver)\n                   ~~~~~~~~~~~^^^^^^^^^^^^^^^^\n  File \"/Users/macbook/Documents/Projects/pyBook/pages/vuelos_page.py\", line 15, in __init__\n    flights_tab.click()\n    ~~~~~~~~~~~~~~~~~^^\n  File \"/Users/macbook/Documents/Projects/pyBook/venv/lib/python3.13/site-packages/selenium/webdriver/remote/webelement.py\", line 94, in click\n    self._execute(Command.CLICK_ELEMENT)\n    ~~~~~~~~~~~~~^^^^^^^^^^^^^^^^^^^^^^^\n  File \"/Users/macbook/Documents/Projects/pyBook/venv/lib/python3.13/site-packages/selenium/webdriver/remote/webelement.py\", line 395, in _execute\n    return self._parent.execute(command, params)\n           ~~~~~~~~~~~~~~~~~~~~^^^^^^^^^^^^^^^^^\n  File \"/Users/macbook/Documents/Projects/pyBook/venv/lib/python3.13/site-packages/selenium/webdriver/remote/webdriver.py\", line 347, in execute\n    self.error_handler.check_response(response)\n    ~~~~~~~~~~~~~~~~~~~~~~~~~~~~~~~~~^^^^^^^^^^\n  File \"/Users/macbook/Documents/Projects/pyBook/venv/lib/python3.13/site-packages/selenium/webdriver/remote/errorhandler.py\", line 229, in check_response\n    raise exception_class(message, screen, stacktrace)\n","flaky":false,"newFailed":false,"newBroken":false,"newPassed":false,"retriesCount":0,"retriesStatusChange":false,"beforeStages":[],"testStage":{"status":"broken","statusMessage":"selenium.common.exceptions.ElementClickInterceptedException: Message: element click intercepted: Element <a id=\"flights\" tabindex=\"0\" href=\"https://booking.com/pxgo?token=UmFuZG9tSVYkc2RlIyh9YWDUtbaQciWiGSaepgbtV2h_ATS-cLrFcEtTh5DW4YFhnDwfmKCCRVGNyG15fFrSJChBuDESq7THQFu5PAHuOo8KqS3J2vyZuqdTOk8T3lDLXXYBBS57zJ8XeJdJUqfGTldsMjK7xeG1W1Ayg0cYMTZzFYoj8JboMkrKSKiy8ydydyHpyfBHyxTY9m6M48DxUl8pDjWNJ5AwbTlhlG_JVZt6sdf5SKXR3s_-jzYOR2oQPf6qYEDyN2SDZ_Jp_utuSgmYQbK5AzI95K5DGRG2uquBH6Y00yrOAM4H-kFpm96aAF_7p5ysvZmDPA2E3gYu07bSQ6TSgxB1-OKOi_9srbX5xZto3leATN9D6EAgMq0B_NftfQUgdsZLGd8hbxFkoJ6wXLpf7OEMbvWhLiwAu-dlnRfmHUlctYJSrAnxQHar1_FU1KLnV9-uDYwkCkPOHOMZGkmlGEp3uojkUK-bEkk6i1Hg9WHFl0CTK0IwzjOD&amp;lang=en-us&amp;label=gen173nr-1FCAEoggI46AdIM1gEaB6IAQGYATG4AQfIAQzYAQHoAQH4AQKIAgGoAgO4Ap3Wm78GwAIB0gIkMTk1ODM4YzAtNmIxNC00Njc2LWI5YzgtNmM0OGRiN2ZjN2I02AIF4AIB&amp;aid=304142&amp;url=https%3A%2F%2Fbooking.kayak.com%2Fin%3Fsid%3D39ad1f29b503b33787a4a5c454bffda1%26mc%3DBOB%26bdclc%3Den-us%26p%3Dsearchbox_link%26a%3Dbdc%252Fsearchbox\" class=\"a83ed08757 f3441ccb97 ec66406250\">...</a> is not clickable at point (488, 90). Other element would receive the click: <div class=\"eb33ef7c47\">...</div>\n  (Session info: chrome=134.0.6998.166)\nStacktrace:\n0   chromedriver                        0x000000010d184568 chromedriver + 6088040\n1   chromedriver                        0x000000010d17c17a chromedriver + 6054266\n2   chromedriver                        0x000000010cc1b540 chromedriver + 415040\n3   chromedriver                        0x000000010cc73f40 chromedriver + 778048\n4   chromedriver                        0x000000010cc71da1 chromedriver + 769441\n5   chromedriver                        0x000000010cc6f432 chromedriver + 758834\n6   chromedriver                        0x000000010cc6e611 chromedriver + 755217\n7   chromedriver                        0x000000010cc611ad chromedriver + 700845\n8   chromedriver                        0x000000010cc933f2 chromedriver + 906226\n9   chromedriver                        0x000000010cc60b28 chromedriver + 699176\n10  chromedriver                        0x000000010cc935ae chromedriver + 906670\n11  chromedriver                        0x000000010ccbaa19 chromedriver + 1067545\n12  chromedriver                        0x000000010cc931c3 chromedriver + 905667\n13  chromedriver                        0x000000010cc5f05a chromedriver + 692314\n14  chromedriver                        0x000000010cc601b1 chromedriver + 696753\n15  chromedriver                        0x000000010d143c90 chromedriver + 5823632\n16  chromedriver                        0x000000010d147b44 chromedriver + 5839684\n17  chromedriver                        0x000000010d11ee86 chromedriver + 5672582\n18  chromedriver                        0x000000010d14853b chromedriver + 5842235\n19  chromedriver                        0x000000010d10d824 chromedriver + 5601316\n20  chromedriver                        0x000000010d16a618 chromedriver + 5981720\n21  chromedriver                        0x000000010d16a7df chromedriver + 5982175\n22  chromedriver                        0x000000010d17bd58 chromedriver + 6053208\n23  libsystem_pthread.dylib             0x00007ff801a5d253 _pthread_start + 99\n24  libsystem_pthread.dylib             0x00007ff801a58bef thread_start + 15\n\n","statusTrace":"  File \"/Users/macbook/Documents/Projects/pyBook/venv/lib/python3.13/site-packages/behave/model.py\", line 1329, in run\n    match.run(runner.context)\n    ~~~~~~~~~^^^^^^^^^^^^^^^^\n  File \"/Users/macbook/Documents/Projects/pyBook/venv/lib/python3.13/site-packages/behave/matchers.py\", line 98, in run\n    self.func(context, *args, **kwargs)\n    ~~~~~~~~~^^^^^^^^^^^^^^^^^^^^^^^^^^\n  File \"features/steps/vuelos_steps.py\", line 65, in step_impl\n    context.page = FlightsPage(context.driver)\n                   ~~~~~~~~~~~^^^^^^^^^^^^^^^^\n  File \"/Users/macbook/Documents/Projects/pyBook/pages/vuelos_page.py\", line 15, in __init__\n    flights_tab.click()\n    ~~~~~~~~~~~~~~~~~^^\n  File \"/Users/macbook/Documents/Projects/pyBook/venv/lib/python3.13/site-packages/selenium/webdriver/remote/webelement.py\", line 94, in click\n    self._execute(Command.CLICK_ELEMENT)\n    ~~~~~~~~~~~~~^^^^^^^^^^^^^^^^^^^^^^^\n  File \"/Users/macbook/Documents/Projects/pyBook/venv/lib/python3.13/site-packages/selenium/webdriver/remote/webelement.py\", line 395, in _execute\n    return self._parent.execute(command, params)\n           ~~~~~~~~~~~~~~~~~~~~^^^^^^^^^^^^^^^^^\n  File \"/Users/macbook/Documents/Projects/pyBook/venv/lib/python3.13/site-packages/selenium/webdriver/remote/webdriver.py\", line 347, in execute\n    self.error_handler.check_response(response)\n    ~~~~~~~~~~~~~~~~~~~~~~~~~~~~~~~~~^^^^^^^^^^\n  File \"/Users/macbook/Documents/Projects/pyBook/venv/lib/python3.13/site-packages/selenium/webdriver/remote/errorhandler.py\", line 229, in check_response\n    raise exception_class(message, screen, stacktrace)\n","steps":[{"name":"Given I have searched for flights from \"New York\" to \"Los Angeles\"","time":{"start":1743186716491,"stop":1743186722218,"duration":5727},"status":"broken","statusMessage":"selenium.common.exceptions.ElementClickInterceptedException: Message: element click intercepted: Element <a id=\"flights\" tabindex=\"0\" href=\"https://booking.com/pxgo?token=UmFuZG9tSVYkc2RlIyh9YWDUtbaQciWiGSaepgbtV2h_ATS-cLrFcEtTh5DW4YFhnDwfmKCCRVGNyG15fFrSJChBuDESq7THQFu5PAHuOo8KqS3J2vyZuqdTOk8T3lDLXXYBBS57zJ8XeJdJUqfGTldsMjK7xeG1W1Ayg0cYMTZzFYoj8JboMkrKSKiy8ydydyHpyfBHyxTY9m6M48DxUl8pDjWNJ5AwbTlhlG_JVZt6sdf5SKXR3s_-jzYOR2oQPf6qYEDyN2SDZ_Jp_utuSgmYQbK5AzI95K5DGRG2uquBH6Y00yrOAM4H-kFpm96aAF_7p5ysvZmDPA2E3gYu07bSQ6TSgxB1-OKOi_9srbX5xZto3leATN9D6EAgMq0B_NftfQUgdsZLGd8hbxFkoJ6wXLpf7OEMbvWhLiwAu-dlnRfmHUlctYJSrAnxQHar1_FU1KLnV9-uDYwkCkPOHOMZGkmlGEp3uojkUK-bEkk6i1Hg9WHFl0CTK0IwzjOD&amp;lang=en-us&amp;label=gen173nr-1FCAEoggI46AdIM1gEaB6IAQGYATG4AQfIAQzYAQHoAQH4AQKIAgGoAgO4Ap3Wm78GwAIB0gIkMTk1ODM4YzAtNmIxNC00Njc2LWI5YzgtNmM0OGRiN2ZjN2I02AIF4AIB&amp;aid=304142&amp;url=https%3A%2F%2Fbooking.kayak.com%2Fin%3Fsid%3D39ad1f29b503b33787a4a5c454bffda1%26mc%3DBOB%26bdclc%3Den-us%26p%3Dsearchbox_link%26a%3Dbdc%252Fsearchbox\" class=\"a83ed08757 f3441ccb97 ec66406250\">...</a> is not clickable at point (488, 90). Other element would receive the click: <div class=\"eb33ef7c47\">...</div>\n  (Session info: chrome=134.0.6998.166)\nStacktrace:\n0   chromedriver                        0x000000010d184568 chromedriver + 6088040\n1   chromedriver                        0x000000010d17c17a chromedriver + 6054266\n2   chromedriver                        0x000000010cc1b540 chromedriver + 415040\n3   chromedriver                        0x000000010cc73f40 chromedriver + 778048\n4   chromedriver                        0x000000010cc71da1 chromedriver + 769441\n5   chromedriver                        0x000000010cc6f432 chromedriver + 758834\n6   chromedriver                        0x000000010cc6e611 chromedriver + 755217\n7   chromedriver                        0x000000010cc611ad chromedriver + 700845\n8   chromedriver                        0x000000010cc933f2 chromedriver + 906226\n9   chromedriver                        0x000000010cc60b28 chromedriver + 699176\n10  chromedriver                        0x000000010cc935ae chromedriver + 906670\n11  chromedriver                        0x000000010ccbaa19 chromedriver + 1067545\n12  chromedriver                        0x000000010cc931c3 chromedriver + 905667\n13  chromedriver                        0x000000010cc5f05a chromedriver + 692314\n14  chromedriver                        0x000000010cc601b1 chromedriver + 696753\n15  chromedriver                        0x000000010d143c90 chromedriver + 5823632\n16  chromedriver                        0x000000010d147b44 chromedriver + 5839684\n17  chromedriver                        0x000000010d11ee86 chromedriver + 5672582\n18  chromedriver                        0x000000010d14853b chromedriver + 5842235\n19  chromedriver                        0x000000010d10d824 chromedriver + 5601316\n20  chromedriver                        0x000000010d16a618 chromedriver + 5981720\n21  chromedriver                        0x000000010d16a7df chromedriver + 5982175\n22  chromedriver                        0x000000010d17bd58 chromedriver + 6053208\n23  libsystem_pthread.dylib             0x00007ff801a5d253 _pthread_start + 99\n24  libsystem_pthread.dylib             0x00007ff801a58bef thread_start + 15\n\n","statusTrace":"  File \"/Users/macbook/Documents/Projects/pyBook/venv/lib/python3.13/site-packages/behave/model.py\", line 1329, in run\n    match.run(runner.context)\n    ~~~~~~~~~^^^^^^^^^^^^^^^^\n  File \"/Users/macbook/Documents/Projects/pyBook/venv/lib/python3.13/site-packages/behave/matchers.py\", line 98, in run\n    self.func(context, *args, **kwargs)\n    ~~~~~~~~~^^^^^^^^^^^^^^^^^^^^^^^^^^\n  File \"features/steps/vuelos_steps.py\", line 65, in step_impl\n    context.page = FlightsPage(context.driver)\n                   ~~~~~~~~~~~^^^^^^^^^^^^^^^^\n  File \"/Users/macbook/Documents/Projects/pyBook/pages/vuelos_page.py\", line 15, in __init__\n    flights_tab.click()\n    ~~~~~~~~~~~~~~~~~^^\n  File \"/Users/macbook/Documents/Projects/pyBook/venv/lib/python3.13/site-packages/selenium/webdriver/remote/webelement.py\", line 94, in click\n    self._execute(Command.CLICK_ELEMENT)\n    ~~~~~~~~~~~~~^^^^^^^^^^^^^^^^^^^^^^^\n  File \"/Users/macbook/Documents/Projects/pyBook/venv/lib/python3.13/site-packages/selenium/webdriver/remote/webelement.py\", line 395, in _execute\n    return self._parent.execute(command, params)\n           ~~~~~~~~~~~~~~~~~~~~^^^^^^^^^^^^^^^^^\n  File \"/Users/macbook/Documents/Projects/pyBook/venv/lib/python3.13/site-packages/selenium/webdriver/remote/webdriver.py\", line 347, in execute\n    self.error_handler.check_response(response)\n    ~~~~~~~~~~~~~~~~~~~~~~~~~~~~~~~~~^^^^^^^^^^\n  File \"/Users/macbook/Documents/Projects/pyBook/venv/lib/python3.13/site-packages/selenium/webdriver/remote/errorhandler.py\", line 229, in check_response\n    raise exception_class(message, screen, stacktrace)\n","steps":[],"attachments":[],"parameters":[],"shouldDisplayMessage":true,"stepsCount":0,"attachmentsCount":0,"hasContent":true,"attachmentStep":false},{"name":"When I select the first available flight","time":{"start":1743186722392,"stop":1743186722392,"duration":0},"status":"skipped","steps":[],"attachments":[],"parameters":[],"shouldDisplayMessage":false,"stepsCount":0,"attachmentsCount":0,"hasContent":false,"attachmentStep":false},{"name":"Then I should see a booking summary with flight details","time":{"start":1743186722392,"stop":1743186722392,"duration":0},"status":"skipped","steps":[],"attachments":[],"parameters":[],"shouldDisplayMessage":false,"stepsCount":0,"attachmentsCount":0,"hasContent":false,"attachmentStep":false}],"attachments":[],"parameters":[],"shouldDisplayMessage":false,"stepsCount":3,"attachmentsCount":0,"hasContent":true,"attachmentStep":false},"afterStages":[],"labels":[{"name":"severity","value":"normal"},{"name":"feature","value":"Search and book a flight."},{"name":"framework","value":"behave"},{"name":"language","value":"cpython3"},{"name":"resultFormat","value":"allure2"}],"parameters":[],"links":[],"hidden":false,"retry":false,"extra":{"severity":"normal","retries":[],"categories":[{"name":"Test defects","matchedStatuses":[]}],"tags":[]},"source":"5bfea4492a03b4de.json","parameterValues":[]}